<?xml version="1.0" encoding="UTF-8"?>
<testsuite xmlns:xsi="http://www.w3.org/2001/XMLSchema-instance" xsi:noNamespaceSchemaLocation="https://maven.apache.org/surefire/maven-surefire-plugin/xsd/surefire-test-report-3.0.xsd" version="3.0" name="cl.govegan.mssearchrecipe.MsSearchRecipeApplicationTests" time="4.223" tests="1" errors="0" skipped="0" failures="0">
  <properties>
[...]
</properties>
  <testcase name="contextLoads" classname="cl.govegan.mssearchrecipe.MsSearchRecipeApplicationTests" time="0.898">
    <system-out><![CDATA[23:49:37.974 [main] INFO org.springframework.test.context.support.AnnotationConfigContextLoaderUtils -- Could not detect default configuration classes for test class [cl.govegan.mssearchrecipe.MsSearchRecipeApplicationTests]: MsSearchRecipeApplicationTests does not declare any static, non-private, non-final, nested classes annotated with @Configuration.
23:49:38.085 [main] INFO org.springframework.boot.test.context.SpringBootTestContextBootstrapper -- Found @SpringBootConfiguration cl.govegan.mssearchrecipe.MsSearchRecipeApplication for test class cl.govegan.mssearchrecipe.MsSearchRecipeApplicationTests
23:49:38.272 [main] INFO org.springframework.boot.devtools.restart.RestartApplicationListener -- Restart disabled due to context in which it is running

  .   ____          _            __ _ _
 /\\ / ___'_ __ _ _(_)_ __  __ _ \ \ \ \
( ( )\___ | '_ | '_| | '_ \/ _` | \ \ \ \
 \\/  ___)| |_)| | | | | || (_| |  ) ) ) )
  '  |____| .__|_| |_|_| |_\__, | / / / /
 =========|_|==============|___/=/_/_/_/
 :: Spring Boot ::                (v3.2.5)

2024-05-09T23:49:38.551-04:00  INFO 9952 --- [ms-search-recipe] [           main] c.g.m.MsSearchRecipeApplicationTests     : Starting MsSearchRecipeApplicationTests using Java 21.0.2 with PID 9952 (started by gabse in D:\proyectos-ti\govegan-backend\ms-search-recipe)
2024-05-09T23:49:38.552-04:00  INFO 9952 --- [ms-search-recipe] [           main] c.g.m.MsSearchRecipeApplicationTests     : No active profile set, falling back to 1 default profile: "default"
2024-05-09T23:49:39.154-04:00  INFO 9952 --- [ms-search-recipe] [           main] .s.d.r.c.RepositoryConfigurationDelegate : Bootstrapping Spring Data MongoDB repositories in DEFAULT mode.
2024-05-09T23:49:39.217-04:00  INFO 9952 --- [ms-search-recipe] [           main] .s.d.r.c.RepositoryConfigurationDelegate : Finished Spring Data repository scanning in 60 ms. Found 1 MongoDB repository interface.
2024-05-09T23:49:39.815-04:00  INFO 9952 --- [ms-search-recipe] [w2e.mongodb.net] org.mongodb.driver.cluster               : Adding discovered server ac-u4r9vie-shard-00-01.ixmcw2e.mongodb.net:27017 to client view of cluster
2024-05-09T23:49:39.827-04:00  INFO 9952 --- [ms-search-recipe] [           main] org.mongodb.driver.client                : MongoClient with metadata {"driver": {"name": "mongo-java-driver|sync|spring-boot", "version": "4.11.2"}, "os": {"type": "Windows", "name": "Windows 11", "architecture": "amd64", "version": "10.0"}, "platform": "Java/Oracle Corporation/21.0.2+13-LTS-58"} created with settings MongoClientSettings{readPreference=primary, writeConcern=WriteConcern{w=null, wTimeout=null ms, journal=null}, retryWrites=true, retryReads=true, readConcern=ReadConcern{level=null}, credential=MongoCredential{mechanism=null, userName='admin-govegan', source='admin', password=<hidden>, mechanismProperties=<hidden>}, transportSettings=null, streamFactoryFactory=null, commandListeners=[], codecRegistry=ProvidersCodecRegistry{codecProviders=[ValueCodecProvider{}, BsonValueCodecProvider{}, DBRefCodecProvider{}, DBObjectCodecProvider{}, DocumentCodecProvider{}, CollectionCodecProvider{}, IterableCodecProvider{}, MapCodecProvider{}, GeoJsonCodecProvider{}, GridFSFileCodecProvider{}, Jsr310CodecProvider{}, JsonObjectCodecProvider{}, BsonCodecProvider{}, EnumCodecProvider{}, com.mongodb.client.model.mql.ExpressionCodecProvider@1934ad7c, com.mongodb.Jep395RecordCodecProvider@b27b210, com.mongodb.KotlinCodecProvider@69aa7d76]}, loggerSettings=LoggerSettings{maxDocumentLength=1000}, clusterSettings={hosts=[127.0.0.1:27017], srvHost=govegan-cluster.ixmcw2e.mongodb.net, srvServiceName=mongodb, mode=MULTIPLE, requiredClusterType=REPLICA_SET, requiredReplicaSetName='atlas-rgt6p2-shard-0', serverSelector='null', clusterListeners='[]', serverSelectionTimeout='30000 ms', localThreshold='15 ms'}, socketSettings=SocketSettings{connectTimeoutMS=10000, readTimeoutMS=0, receiveBufferSize=0, proxySettings=ProxySettings{host=null, port=null, username=null, password=null}}, heartbeatSocketSettings=SocketSettings{connectTimeoutMS=10000, readTimeoutMS=10000, receiveBufferSize=0, proxySettings=ProxySettings{host=null, port=null, username=null, password=null}}, connectionPoolSettings=ConnectionPoolSettings{maxSize=100, minSize=0, maxWaitTimeMS=120000, maxConnectionLifeTimeMS=0, maxConnectionIdleTimeMS=0, maintenanceInitialDelayMS=0, maintenanceFrequencyMS=60000, connectionPoolListeners=[], maxConnecting=2}, serverSettings=ServerSettings{heartbeatFrequencyMS=10000, minHeartbeatFrequencyMS=500, serverListeners='[]', serverMonitorListeners='[]'}, sslSettings=SslSettings{enabled=true, invalidHostNameAllowed=false, context=null}, applicationName='null', compressorList=[], uuidRepresentation=JAVA_LEGACY, serverApi=null, autoEncryptionSettings=null, dnsClient=null, inetAddressResolver=null, contextProvider=null}
2024-05-09T23:49:39.849-04:00  INFO 9952 --- [ms-search-recipe] [w2e.mongodb.net] org.mongodb.driver.cluster               : Adding discovered server ac-u4r9vie-shard-00-02.ixmcw2e.mongodb.net:27017 to client view of cluster
2024-05-09T23:49:39.852-04:00  INFO 9952 --- [ms-search-recipe] [w2e.mongodb.net] org.mongodb.driver.cluster               : Adding discovered server ac-u4r9vie-shard-00-00.ixmcw2e.mongodb.net:27017 to client view of cluster
2024-05-09T23:49:40.739-04:00  INFO 9952 --- [ms-search-recipe] [ngodb.net:27017] org.mongodb.driver.cluster               : Monitor thread successfully connected to server with description ServerDescription{address=ac-u4r9vie-shard-00-00.ixmcw2e.mongodb.net:27017, type=REPLICA_SET_SECONDARY, state=CONNECTED, ok=true, minWireVersion=0, maxWireVersion=21, maxDocumentSize=16777216, logicalSessionTimeoutMinutes=30, roundTripTimeNanos=506684100, setName='atlas-rgt6p2-shard-0', canonicalAddress=ac-u4r9vie-shard-00-00.ixmcw2e.mongodb.net:27017, hosts=[ac-u4r9vie-shard-00-01.ixmcw2e.mongodb.net:27017, ac-u4r9vie-shard-00-02.ixmcw2e.mongodb.net:27017, ac-u4r9vie-shard-00-00.ixmcw2e.mongodb.net:27017], passives=[], arbiters=[], primary='ac-u4r9vie-shard-00-02.ixmcw2e.mongodb.net:27017', tagSet=TagSet{[Tag{name='diskState', value='READY'}, Tag{name='nodeType', value='ELECTABLE'}, Tag{name='provider', value='AZURE'}, Tag{name='region', value='US_EAST_2'}, Tag{name='workloadType', value='OPERATIONAL'}]}, electionId=null, setVersion=80, topologyVersion=TopologyVersion{processId=663a939e72d993373aaa09b3, counter=5}, lastWriteDate=Thu May 09 23:49:40 CLT 2024, lastUpdateTimeNanos=1341059389373000}
2024-05-09T23:49:40.740-04:00  INFO 9952 --- [ms-search-recipe] [ngodb.net:27017] org.mongodb.driver.cluster               : Monitor thread successfully connected to server with description ServerDescription{address=ac-u4r9vie-shard-00-02.ixmcw2e.mongodb.net:27017, type=REPLICA_SET_PRIMARY, state=CONNECTED, ok=true, minWireVersion=0, maxWireVersion=21, maxDocumentSize=16777216, logicalSessionTimeoutMinutes=30, roundTripTimeNanos=515234000, setName='atlas-rgt6p2-shard-0', canonicalAddress=ac-u4r9vie-shard-00-02.ixmcw2e.mongodb.net:27017, hosts=[ac-u4r9vie-shard-00-01.ixmcw2e.mongodb.net:27017, ac-u4r9vie-shard-00-02.ixmcw2e.mongodb.net:27017, ac-u4r9vie-shard-00-00.ixmcw2e.mongodb.net:27017], passives=[], arbiters=[], primary='ac-u4r9vie-shard-00-02.ixmcw2e.mongodb.net:27017', tagSet=TagSet{[Tag{name='diskState', value='READY'}, Tag{name='nodeType', value='ELECTABLE'}, Tag{name='provider', value='AZURE'}, Tag{name='region', value='US_EAST_2'}, Tag{name='workloadType', value='OPERATIONAL'}]}, electionId=7fffffff0000000000000169, setVersion=80, topologyVersion=TopologyVersion{processId=663a920e07e915e8acacee30, counter=9}, lastWriteDate=Thu May 09 23:49:40 GMT-04:00 2024, lastUpdateTimeNanos=1341059389373100}
2024-05-09T23:49:40.740-04:00  INFO 9952 --- [ms-search-recipe] [ngodb.net:27017] org.mongodb.driver.cluster               : Monitor thread successfully connected to server with description ServerDescription{address=ac-u4r9vie-shard-00-01.ixmcw2e.mongodb.net:27017, type=REPLICA_SET_SECONDARY, state=CONNECTED, ok=true, minWireVersion=0, maxWireVersion=21, maxDocumentSize=16777216, logicalSessionTimeoutMinutes=30, roundTripTimeNanos=479634500, setName='atlas-rgt6p2-shard-0', canonicalAddress=ac-u4r9vie-shard-00-01.ixmcw2e.mongodb.net:27017, hosts=[ac-u4r9vie-shard-00-01.ixmcw2e.mongodb.net:27017, ac-u4r9vie-shard-00-02.ixmcw2e.mongodb.net:27017, ac-u4r9vie-shard-00-00.ixmcw2e.mongodb.net:27017], passives=[], arbiters=[], primary='ac-u4r9vie-shard-00-02.ixmcw2e.mongodb.net:27017', tagSet=TagSet{[Tag{name='diskState', value='READY'}, Tag{name='nodeType', value='ELECTABLE'}, Tag{name='provider', value='AZURE'}, Tag{name='region', value='US_EAST_2'}, Tag{name='workloadType', value='OPERATIONAL'}]}, electionId=null, setVersion=80, topologyVersion=TopologyVersion{processId=663a956c282955b44f6a355c, counter=5}, lastWriteDate=Thu May 09 23:49:40 GMT-04:00 2024, lastUpdateTimeNanos=1341059389373200}
2024-05-09T23:49:40.747-04:00  INFO 9952 --- [ms-search-recipe] [ngodb.net:27017] org.mongodb.driver.cluster               : Discovered replica set primary ac-u4r9vie-shard-00-02.ixmcw2e.mongodb.net:27017 with max election id 7fffffff0000000000000169 and max set version 80
2024-05-09T23:49:41.112-04:00  INFO 9952 --- [ms-search-recipe] [           main] c.g.m.MsSearchRecipeApplicationTests     : Started MsSearchRecipeApplicationTests in 2.854 seconds (process running for 3.83)
]]></system-out>
    <system-err><![CDATA[WARNING: A Java agent has been loaded dynamically (C:\Users\gabse\.m2\repository\net\bytebuddy\byte-buddy-agent\1.14.13\byte-buddy-agent-1.14.13.jar)
WARNING: If a serviceability tool is in use, please run with -XX:+EnableDynamicAgentLoading to hide this warning
WARNING: If a serviceability tool is not in use, please run with -Djdk.instrument.traceUsage for more information
WARNING: Dynamic loading of agents will be disallowed by default in a future release
]]></system-err>
  </testcase>
</testsuite>